
  .   ____          _            __ _ _
 /\\ / ___'_ __ _ _(_)_ __  __ _ \ \ \ \
( ( )\___ | '_ | '_| | '_ \/ _` | \ \ \ \
 \\/  ___)| |_)| | | | | || (_| |  ) ) ) )
  '  |____| .__|_| |_|_| |_\__, | / / / /
 =========|_|==============|___/=/_/_/_/

 :: Spring Boot ::                (v3.3.5)

2024-12-16T06:07:46.065-03:00  INFO 415415 --- [truck-simulator] [           main] br.com.fga.DemoApplication               : Starting DemoApplication v3.3.5 using Java 21.0.5 with PID 415415 (/home/klmurussi/2024.1_Grupo03_SMA_Comportamental/server/target/server-3.3.5.jar started by klmurussi in /home/klmurussi/2024.1_Grupo03_SMA_Comportamental)
2024-12-16T06:07:46.069-03:00  INFO 415415 --- [truck-simulator] [           main] br.com.fga.DemoApplication               : No active profile set, falling back to 1 default profile: "default"
2024-12-16T06:07:47.501-03:00  INFO 415415 --- [truck-simulator] [           main] o.s.b.w.embedded.tomcat.TomcatWebServer  : Tomcat initialized with port 8080 (http)
2024-12-16T06:07:47.529-03:00  INFO 415415 --- [truck-simulator] [           main] o.apache.catalina.core.StandardService   : Starting service [Tomcat]
2024-12-16T06:07:47.530-03:00  INFO 415415 --- [truck-simulator] [           main] o.apache.catalina.core.StandardEngine    : Starting Servlet engine: [Apache Tomcat/10.1.31]
2024-12-16T06:07:47.565-03:00  INFO 415415 --- [truck-simulator] [           main] o.a.c.c.C.[Tomcat].[localhost].[/]       : Initializing Spring embedded WebApplicationContext
2024-12-16T06:07:47.567-03:00  INFO 415415 --- [truck-simulator] [           main] w.s.c.ServletWebServerApplicationContext : Root WebApplicationContext: initialization completed in 1426 ms
2024-12-16T06:07:47.786-03:00  WARN 415415 --- [truck-simulator] [           main] .s.s.UserDetailsServiceAutoConfiguration : 

Using generated security password: dc2adc29-7acd-46b5-b9c6-390ec1d564dd

This generated password is for development use only. Your security configuration must be updated before running your application in production.

2024-12-16T06:07:47.814-03:00  INFO 415415 --- [truck-simulator] [           main] r$InitializeUserDetailsManagerConfigurer : Global AuthenticationManager configured with UserDetailsService bean with name inMemoryUserDetailsManager
2024-12-16T06:07:47.919-03:00  INFO 415415 --- [truck-simulator] [           main] o.s.b.a.w.s.WelcomePageHandlerMapping    : Adding welcome page: class path resource [static/index.html]
2024-12-16T06:07:48.275-03:00  INFO 415415 --- [truck-simulator] [           main] o.s.b.w.embedded.tomcat.TomcatWebServer  : Tomcat started on port 8080 (http) with context path '/'
2024-12-16T06:07:48.278-03:00  INFO 415415 --- [truck-simulator] [           main] o.s.m.s.b.SimpleBrokerMessageHandler     : Starting...
2024-12-16T06:07:48.288-03:00  INFO 415415 --- [truck-simulator] [           main] o.s.m.s.b.SimpleBrokerMessageHandler     : BrokerAvailabilityEvent[available=true, SimpleBrokerMessageHandler [org.springframework.messaging.simp.broker.DefaultSubscriptionRegistry@5f7eee96]]
2024-12-16T06:07:48.289-03:00  INFO 415415 --- [truck-simulator] [           main] o.s.m.s.b.SimpleBrokerMessageHandler     : Started.
2024-12-16T06:07:48.314-03:00  INFO 415415 --- [truck-simulator] [           main] br.com.fga.DemoApplication               : Started DemoApplication in 2.896 seconds (process running for 3.588)
2024-12-16T06:07:52.662-03:00  INFO 415415 --- [truck-simulator] [nio-8080-exec-1] o.a.c.c.C.[Tomcat].[localhost].[/]       : Initializing Spring DispatcherServlet 'dispatcherServlet'
2024-12-16T06:07:52.662-03:00  INFO 415415 --- [truck-simulator] [nio-8080-exec-1] o.s.web.servlet.DispatcherServlet        : Initializing Servlet 'dispatcherServlet'
2024-12-16T06:07:52.663-03:00  INFO 415415 --- [truck-simulator] [nio-8080-exec-1] o.s.web.servlet.DispatcherServlet        : Completed initialization in 1 ms
2024-12-16T06:08:50.160-03:00  INFO 415415 --- [truck-simulator] [MessageBroker-1] o.s.w.s.c.WebSocketMessageBrokerStats    : WebSocketSession[1 current WS(1)-HttpStream(0)-HttpPoll(0), 1 total, 0 closed abnormally (0 connect failure, 0 send limit, 0 transport error)], stompSubProtocol[processed CONNECT(1)-CONNECTED(1)-DISCONNECT(0)], stompBrokerRelay[null], inboundChannel[pool size = 6, active threads = 0, queued tasks = 0, completed tasks = 6], outboundChannel[pool size = 1, active threads = 0, queued tasks = 0, completed tasks = 1], sockJsScheduler[pool size = 1, active threads = 1, queued tasks = 0, completed tasks = 0]
